c:\users\vlad\source\repos\kurs_oaip\kurs_oaip\debug\vc142.pdb
c:\users\vlad\source\repos\kurs_oaip\kurs_oaip\debug\vc142.idb
c:\users\vlad\source\repos\kurs_oaip\kurs_oaip\debug\kurs_oaip.obj
c:\users\vlad\source\repos\kurs_oaip\kurs_oaip\debug\interfaces.obj
c:\users\vlad\source\repos\kurs_oaip\kurs_oaip\debug\calculate.obj
c:\users\vlad\source\repos\kurs_oaip\kurs_oaip\debug\kurs_oaip.res
c:\users\vlad\source\repos\kurs_oaip\kurs_oaip\debug\calculate.obj.enc
c:\users\vlad\source\repos\kurs_oaip\debug\kurs_oaip.pdb
c:\users\vlad\source\repos\kurs_oaip\kurs_oaip\debug\kurs_oaip.tlog\cl.command.1.tlog
c:\users\vlad\source\repos\kurs_oaip\kurs_oaip\debug\kurs_oaip.tlog\cl.read.1.tlog
c:\users\vlad\source\repos\kurs_oaip\kurs_oaip\debug\kurs_oaip.tlog\cl.write.1.tlog
c:\users\vlad\source\repos\kurs_oaip\kurs_oaip\debug\kurs_oaip.tlog\link.15824-cvtres.read.1.tlog
c:\users\vlad\source\repos\kurs_oaip\kurs_oaip\debug\kurs_oaip.tlog\link.15824-cvtres.write.1.tlog
c:\users\vlad\source\repos\kurs_oaip\kurs_oaip\debug\kurs_oaip.tlog\link.15824-rc.read.1.tlog
c:\users\vlad\source\repos\kurs_oaip\kurs_oaip\debug\kurs_oaip.tlog\link.15824-rc.write.1.tlog
c:\users\vlad\source\repos\kurs_oaip\kurs_oaip\debug\kurs_oaip.tlog\link.15824.read.1.tlog
c:\users\vlad\source\repos\kurs_oaip\kurs_oaip\debug\kurs_oaip.tlog\link.15824.write.1.tlog
c:\users\vlad\source\repos\kurs_oaip\kurs_oaip\debug\kurs_oaip.tlog\link.command.1.tlog
c:\users\vlad\source\repos\kurs_oaip\kurs_oaip\debug\kurs_oaip.tlog\link.read.1.tlog
c:\users\vlad\source\repos\kurs_oaip\kurs_oaip\debug\kurs_oaip.tlog\link.write.1.tlog
c:\users\vlad\source\repos\kurs_oaip\kurs_oaip\debug\kurs_oaip.tlog\rc.command.1.tlog
c:\users\vlad\source\repos\kurs_oaip\kurs_oaip\debug\kurs_oaip.tlog\rc.read.1.tlog
c:\users\vlad\source\repos\kurs_oaip\kurs_oaip\debug\kurs_oaip.tlog\rc.write.1.tlog
